<?xml version="1.0" encoding="UTF-8" ?>
<testsuite failures="0" time="0.015" errors="0" skipped="0" tests="1" name="at.ac.tuwien.infosys.aic11.AppTest">
  <properties>
    <property name="java.runtime.name" value="Java(TM) SE Runtime Environment"/>
    <property name="sun.boot.library.path" value="/System/Library/Java/JavaVirtualMachines/1.6.0.jdk/Contents/Libraries"/>
    <property name="java.vm.version" value="20.1-b02-384"/>
    <property name="awt.nativeDoubleBuffering" value="true"/>
    <property name="gopherProxySet" value="false"/>
    <property name="mrj.build" value="10M3425"/>
    <property name="java.vm.vendor" value="Apple Inc."/>
    <property name="java.vendor.url" value="http://www.apple.com/"/>
    <property name="path.separator" value=":"/>
    <property name="java.vm.name" value="Java HotSpot(TM) 64-Bit Server VM"/>
    <property name="file.encoding.pkg" value="sun.io"/>
    <property name="user.country" value="DE"/>
    <property name="sun.java.launcher" value="SUN_STANDARD"/>
    <property name="sun.os.patch.level" value="unknown"/>
    <property name="java.vm.specification.name" value="Java Virtual Machine Specification"/>
    <property name="user.dir" value="/Users/gerhard/Develop/aic11"/>
    <property name="java.runtime.version" value="1.6.0_26-b03-384-10M3425"/>
    <property name="java.awt.graphicsenv" value="apple.awt.CGraphicsEnvironment"/>
    <property name="basedir" value="/Users/gerhard/Develop/aic11"/>
    <property name="java.endorsed.dirs" value="/System/Library/Java/JavaVirtualMachines/1.6.0.jdk/Contents/Home/lib/endorsed"/>
    <property name="os.arch" value="x86_64"/>
    <property name="surefire.real.class.path" value="/Users/gerhard/Develop/aic11/target/surefire/surefirebooter2259153733618699677.jar"/>
    <property name="java.io.tmpdir" value="/var/folders/P8/P8S0-am6G9is5XTJOVUy+E+++TI/-Tmp-/"/>
    <property name="line.separator" value="
"/>
    <property name="java.vm.specification.vendor" value="Sun Microsystems Inc."/>
    <property name="os.name" value="Mac OS X"/>
    <property name="sun.jnu.encoding" value="MacRoman"/>
    <property name="java.library.path" value=".:/Library/Java/Extensions:/System/Library/Java/Extensions:/usr/lib/java"/>
    <property name="surefire.test.class.path" value="/Users/gerhard/Develop/aic11/target/test-classes:/Users/gerhard/Develop/aic11/target/classes:/Users/gerhard/.m2/repository/junit/junit/3.8.1/junit-3.8.1.jar:/Users/gerhard/.m2/repository/org/apache/cxf/cxf-bundle/2.4.3/cxf-bundle-2.4.3.jar:/Users/gerhard/.m2/repository/org/apache/ws/xmlschema/xmlschema-core/2.0.1/xmlschema-core-2.0.1.jar:/Users/gerhard/.m2/repository/org/codehaus/woodstox/woodstox-core-asl/4.1.1/woodstox-core-asl-4.1.1.jar:/Users/gerhard/.m2/repository/org/codehaus/woodstox/stax2-api/3.1.1/stax2-api-3.1.1.jar:/Users/gerhard/.m2/repository/org/apache/geronimo/specs/geronimo-stax-api_1.0_spec/1.0.1/geronimo-stax-api_1.0_spec-1.0.1.jar:/Users/gerhard/.m2/repository/org/apache/geronimo/specs/geronimo-annotation_1.0_spec/1.1.1/geronimo-annotation_1.0_spec-1.1.1.jar:/Users/gerhard/.m2/repository/javax/xml/bind/jaxb-api/2.2.3/jaxb-api-2.2.3.jar:/Users/gerhard/.m2/repository/org/apache/velocity/velocity/1.7/velocity-1.7.jar:/Users/gerhard/.m2/repository/commons-collections/commons-collections/3.2.1/commons-collections-3.2.1.jar:/Users/gerhard/.m2/repository/commons-lang/commons-lang/2.6/commons-lang-2.6.jar:/Users/gerhard/.m2/repository/wsdl4j/wsdl4j/1.6.2/wsdl4j-1.6.2.jar:/Users/gerhard/.m2/repository/com/sun/xml/bind/jaxb-xjc/2.2.4-1/jaxb-xjc-2.2.4-1.jar:/Users/gerhard/.m2/repository/com/sun/xml/bind/jaxb-impl/2.2.4-1/jaxb-impl-2.2.4-1.jar:/Users/gerhard/.m2/repository/org/apache/neethi/neethi/3.0.1/neethi-3.0.1.jar:/Users/gerhard/.m2/repository/org/apache/geronimo/specs/geronimo-activation_1.1_spec/1.1/geronimo-activation_1.1_spec-1.1.jar:/Users/gerhard/.m2/repository/org/apache/geronimo/specs/geronimo-javamail_1.4_spec/1.7.1/geronimo-javamail_1.4_spec-1.7.1.jar:/Users/gerhard/.m2/repository/javax/xml/soap/saaj-api/1.3.4/saaj-api-1.3.4.jar:/Users/gerhard/.m2/repository/org/apache/geronimo/specs/geronimo-ws-metadata_2.0_spec/1.1.3/geronimo-ws-metadata_2.0_spec-1.1.3.jar:/Users/gerhard/.m2/repository/org/apache/geronimo/specs/geronimo-jaxws_2.2_spec/1.1/geronimo-jaxws_2.2_spec-1.1.jar:/Users/gerhard/.m2/repository/xml-resolver/xml-resolver/1.2/xml-resolver-1.2.jar:/Users/gerhard/.m2/repository/org/springframework/spring-web/3.0.6.RELEASE/spring-web-3.0.6.RELEASE.jar:/Users/gerhard/.m2/repository/aopalliance/aopalliance/1.0/aopalliance-1.0.jar:/Users/gerhard/.m2/repository/org/springframework/spring-beans/3.0.6.RELEASE/spring-beans-3.0.6.RELEASE.jar:/Users/gerhard/.m2/repository/org/springframework/spring-core/3.0.6.RELEASE/spring-core-3.0.6.RELEASE.jar:/Users/gerhard/.m2/repository/org/springframework/spring-asm/3.0.6.RELEASE/spring-asm-3.0.6.RELEASE.jar:/Users/gerhard/.m2/repository/org/springframework/spring-context/3.0.6.RELEASE/spring-context-3.0.6.RELEASE.jar:/Users/gerhard/.m2/repository/org/springframework/spring-aop/3.0.6.RELEASE/spring-aop-3.0.6.RELEASE.jar:/Users/gerhard/.m2/repository/org/springframework/spring-expression/3.0.6.RELEASE/spring-expression-3.0.6.RELEASE.jar:/Users/gerhard/.m2/repository/com/sun/xml/messaging/saaj/saaj-impl/1.3.12/saaj-impl-1.3.12.jar:/Users/gerhard/.m2/repository/org/jvnet/mimepull/1.4/mimepull-1.4.jar:/Users/gerhard/.m2/repository/antlr/antlr/2.7.7/antlr-2.7.7.jar:/Users/gerhard/.m2/repository/org/apache/xmlbeans/xmlbeans/2.4.0/xmlbeans-2.4.0.jar:/Users/gerhard/.m2/repository/javax/ws/rs/jsr311-api/1.1.1/jsr311-api-1.1.1.jar:/Users/gerhard/.m2/repository/org/eclipse/jetty/jetty-server/7.4.5.v20110725/jetty-server-7.4.5.v20110725.jar:/Users/gerhard/.m2/repository/org/eclipse/jetty/jetty-continuation/7.4.5.v20110725/jetty-continuation-7.4.5.v20110725.jar:/Users/gerhard/.m2/repository/org/eclipse/jetty/jetty-http/7.4.5.v20110725/jetty-http-7.4.5.v20110725.jar:/Users/gerhard/.m2/repository/org/eclipse/jetty/jetty-io/7.4.5.v20110725/jetty-io-7.4.5.v20110725.jar:/Users/gerhard/.m2/repository/org/eclipse/jetty/jetty-util/7.4.5.v20110725/jetty-util-7.4.5.v20110725.jar:/Users/gerhard/.m2/repository/org/eclipse/jetty/jetty-security/7.4.5.v20110725/jetty-security-7.4.5.v20110725.jar:/Users/gerhard/.m2/repository/org/slf4j/slf4j-api/1.6.2/slf4j-api-1.6.2.jar:/Users/gerhard/.m2/repository/org/apache/geronimo/specs/geronimo-servlet_2.5_spec/1.1.2/geronimo-servlet_2.5_spec-1.1.2.jar:/Users/gerhard/.m2/repository/org/apache/geronimo/specs/geronimo-jms_1.1_spec/1.1.1/geronimo-jms_1.1_spec-1.1.1.jar:/Users/gerhard/.m2/repository/org/springframework/spring-jms/3.0.6.RELEASE/spring-jms-3.0.6.RELEASE.jar:/Users/gerhard/.m2/repository/org/springframework/spring-tx/3.0.6.RELEASE/spring-tx-3.0.6.RELEASE.jar:/Users/gerhard/.m2/repository/org/codehaus/jra/jra/1.0-alpha-4/jra-1.0-alpha-4.jar:/Users/gerhard/.m2/repository/rhino/js/1.7R2/js-1.7R2.jar:/Users/gerhard/.m2/repository/org/apache/ws/security/wss4j/1.6.3/wss4j-1.6.3.jar:/Users/gerhard/.m2/repository/org/apache/santuario/xmlsec/1.4.5/xmlsec-1.4.5.jar:/Users/gerhard/.m2/repository/org/opensaml/opensaml/2.5.1-1/opensaml-2.5.1-1.jar:/Users/gerhard/.m2/repository/org/opensaml/openws/1.4.2-1/openws-1.4.2-1.jar:/Users/gerhard/.m2/repository/org/opensaml/xmltooling/1.3.2-1/xmltooling-1.3.2-1.jar:/Users/gerhard/.m2/repository/joda-time/joda-time/1.6.2/joda-time-1.6.2.jar:/Users/gerhard/.m2/repository/xalan/xalan/2.7.1/xalan-2.7.1.jar:/Users/gerhard/.m2/repository/xalan/serializer/2.7.1/serializer-2.7.1.jar:/Users/gerhard/.m2/repository/org/apache/cxf/cxf-common-utilities/2.4.3/cxf-common-utilities-2.4.3.jar:/Users/gerhard/.m2/repository/org/apache/cxf/cxf-tools-common/2.4.3/cxf-tools-common-2.4.3.jar:/Users/gerhard/.m2/repository/org/apache/cxf/cxf-tools-validator/2.4.3/cxf-tools-validator-2.4.3.jar:/Users/gerhard/.m2/repository/org/apache/cxf/cxf-tools-wsdlto-core/2.4.3/cxf-tools-wsdlto-core-2.4.3.jar:/Users/gerhard/.m2/repository/org/apache/cxf/cxf-tools-wsdlto-frontend-javascript/2.4.3/cxf-tools-wsdlto-frontend-javascript-2.4.3.jar:/Users/gerhard/.m2/repository/org/apache/cxf/cxf-tools-misctools/2.4.3/cxf-tools-misctools-2.4.3.jar:/Users/gerhard/.m2/repository/org/apache/cxf/cxf-tools-corba/2.4.3/cxf-tools-corba-2.4.3.jar:/Users/gerhard/.m2/repository/org/apache/cxf/cxf-tools-wsdlto-databinding-jaxb/2.4.3/cxf-tools-wsdlto-databinding-jaxb-2.4.3.jar:/Users/gerhard/.m2/repository/org/apache/cxf/cxf-tools-wsdlto-frontend-jaxws/2.4.3/cxf-tools-wsdlto-frontend-jaxws-2.4.3.jar:/Users/gerhard/.m2/repository/org/apache/cxf/cxf-tools-wadlto-jaxrs/2.4.3/cxf-tools-wadlto-jaxrs-2.4.3.jar:/Users/gerhard/.m2/repository/org/apache/cxf/cxf-tools-java2ws/2.4.3/cxf-tools-java2ws-2.4.3.jar:/Users/gerhard/.m2/repository/org/apache/cxf/xjcplugins/cxf-xjc-dv/2.4.0/cxf-xjc-dv-2.4.0.jar:/Users/gerhard/.m2/repository/org/apache/cxf/xjcplugins/cxf-xjc-ts/2.4.0/cxf-xjc-ts-2.4.0.jar:/Users/gerhard/.m2/repository/org/apache/cxf/xjcplugins/cxf-xjc-bug671/2.4.0/cxf-xjc-bug671-2.4.0.jar:/Users/gerhard/.m2/repository/org/apache/cxf/xjcplugins/cxf-xjc-boolean/2.4.0/cxf-xjc-boolean-2.4.0.jar:/Users/gerhard/.m2/repository/org/apache/cxf/cxf-api/2.4.3/cxf-api-2.4.3.jar:/Users/gerhard/.m2/repository/org/apache/cxf/cxf-rt-core/2.4.3/cxf-rt-core-2.4.3.jar:/Users/gerhard/.m2/repository/org/apache/cxf/cxf-rt-management/2.4.3/cxf-rt-management-2.4.3.jar:/Users/gerhard/.m2/repository/org/apache/cxf/cxf-rt-transports-local/2.4.3/cxf-rt-transports-local-2.4.3.jar:/Users/gerhard/.m2/repository/org/apache/cxf/cxf-rt-transports-http/2.4.3/cxf-rt-transports-http-2.4.3.jar:/Users/gerhard/.m2/repository/org/apache/cxf/cxf-rt-transports-common/2.4.3/cxf-rt-transports-common-2.4.3.jar:/Users/gerhard/.m2/repository/org/apache/cxf/cxf-rt-transports-http-jetty/2.4.3/cxf-rt-transports-http-jetty-2.4.3.jar:/Users/gerhard/.m2/repository/org/slf4j/slf4j-jdk14/1.6.2/slf4j-jdk14-1.6.2.jar:/Users/gerhard/.m2/repository/org/apache/cxf/cxf-rt-transports-jms/2.4.3/cxf-rt-transports-jms-2.4.3.jar:/Users/gerhard/.m2/repository/org/apache/cxf/cxf-rt-bindings-soap/2.4.3/cxf-rt-bindings-soap-2.4.3.jar:/Users/gerhard/.m2/repository/org/apache/cxf/cxf-rt-databinding-jaxb/2.4.3/cxf-rt-databinding-jaxb-2.4.3.jar:/Users/gerhard/.m2/repository/org/apache/cxf/cxf-rt-bindings-corba/2.4.3/cxf-rt-bindings-corba-2.4.3.jar:/Users/gerhard/.m2/repository/org/apache/cxf/cxf-rt-bindings-xml/2.4.3/cxf-rt-bindings-xml-2.4.3.jar:/Users/gerhard/.m2/repository/org/apache/cxf/cxf-rt-bindings-object/2.4.3/cxf-rt-bindings-object-2.4.3.jar:/Users/gerhard/.m2/repository/org/apache/cxf/cxf-rt-bindings-coloc/2.4.3/cxf-rt-bindings-coloc-2.4.3.jar:/Users/gerhard/.m2/repository/org/apache/cxf/cxf-rt-bindings-http/2.4.3/cxf-rt-bindings-http-2.4.3.jar:/Users/gerhard/.m2/repository/org/apache/cxf/cxf-rt-databinding-aegis/2.4.3/cxf-rt-databinding-aegis-2.4.3.jar:/Users/gerhard/.m2/repository/org/apache/cxf/cxf-wstx-msv-validation/2.4.3/cxf-wstx-msv-validation-2.4.3.jar:/Users/gerhard/.m2/repository/net/java/dev/msv/msv-core/2011.1/msv-core-2011.1.jar:/Users/gerhard/.m2/repository/com/sun/msv/datatype/xsd/xsdlib/2010.1/xsdlib-2010.1.jar:/Users/gerhard/.m2/repository/isorelax/isorelax/20030108/isorelax-20030108.jar:/Users/gerhard/.m2/repository/relaxngDatatype/relaxngDatatype/20020414/relaxngDatatype-20020414.jar:/Users/gerhard/.m2/repository/org/apache/cxf/cxf-rt-databinding-xmlbeans/2.4.3/cxf-rt-databinding-xmlbeans-2.4.3.jar:/Users/gerhard/.m2/repository/org/apache/cxf/cxf-rt-ws-addr/2.4.3/cxf-rt-ws-addr-2.4.3.jar:/Users/gerhard/.m2/repository/org/apache/cxf/cxf-rt-ws-rm/2.4.3/cxf-rt-ws-rm-2.4.3.jar:/Users/gerhard/.m2/repository/org/apache/cxf/cxf-rt-ws-policy/2.4.3/cxf-rt-ws-policy-2.4.3.jar:/Users/gerhard/.m2/repository/org/apache/cxf/cxf-rt-ws-security/2.4.3/cxf-rt-ws-security-2.4.3.jar:/Users/gerhard/.m2/repository/org/apache/cxf/cxf-rt-frontend-jaxws/2.4.3/cxf-rt-frontend-jaxws-2.4.3.jar:/Users/gerhard/.m2/repository/org/apache/cxf/cxf-rt-frontend-js/2.4.3/cxf-rt-frontend-js-2.4.3.jar:/Users/gerhard/.m2/repository/org/apache/cxf/cxf-rt-frontend-simple/2.4.3/cxf-rt-frontend-simple-2.4.3.jar:/Users/gerhard/.m2/repository/org/apache/cxf/cxf-rt-frontend-jaxrs/2.4.3/cxf-rt-frontend-jaxrs-2.4.3.jar:/Users/gerhard/.m2/repository/org/apache/cxf/cxf-rt-javascript/2.4.3/cxf-rt-javascript-2.4.3.jar:/Users/gerhard/.m2/repository/org/codehaus/jettison/jettison/1.3/jettison-1.3.jar:/Users/gerhard/.m2/repository/asm/asm/3.3/asm-3.3.jar:/Users/gerhard/.m2/repository/commons-logging/commons-logging/1.1.1/commons-logging-1.1.1.jar:/Users/gerhard/.m2/repository/com/sun/xml/fastinfoset/FastInfoset/1.2.9/FastInfoset-1.2.9.jar:"/>
    <property name="java.specification.name" value="Java Platform API Specification"/>
    <property name="java.class.version" value="50.0"/>
    <property name="sun.management.compiler" value="HotSpot 64-Bit Tiered Compilers"/>
    <property name="os.version" value="10.6.8"/>
    <property name="http.nonProxyHosts" value="local|*.local|169.254/16|*.169.254/16"/>
    <property name="user.home" value="/Users/gerhard"/>
    <property name="user.timezone" value=""/>
    <property name="java.awt.printerjob" value="apple.awt.CPrinterJob"/>
    <property name="java.specification.version" value="1.6"/>
    <property name="file.encoding" value="MacRoman"/>
    <property name="user.name" value="gerhard"/>
    <property name="java.class.path" value="/Users/gerhard/Develop/aic11/target/test-classes:/Users/gerhard/Develop/aic11/target/classes:/Users/gerhard/.m2/repository/junit/junit/3.8.1/junit-3.8.1.jar:/Users/gerhard/.m2/repository/org/apache/cxf/cxf-bundle/2.4.3/cxf-bundle-2.4.3.jar:/Users/gerhard/.m2/repository/org/apache/ws/xmlschema/xmlschema-core/2.0.1/xmlschema-core-2.0.1.jar:/Users/gerhard/.m2/repository/org/codehaus/woodstox/woodstox-core-asl/4.1.1/woodstox-core-asl-4.1.1.jar:/Users/gerhard/.m2/repository/org/codehaus/woodstox/stax2-api/3.1.1/stax2-api-3.1.1.jar:/Users/gerhard/.m2/repository/org/apache/geronimo/specs/geronimo-stax-api_1.0_spec/1.0.1/geronimo-stax-api_1.0_spec-1.0.1.jar:/Users/gerhard/.m2/repository/org/apache/geronimo/specs/geronimo-annotation_1.0_spec/1.1.1/geronimo-annotation_1.0_spec-1.1.1.jar:/Users/gerhard/.m2/repository/javax/xml/bind/jaxb-api/2.2.3/jaxb-api-2.2.3.jar:/Users/gerhard/.m2/repository/org/apache/velocity/velocity/1.7/velocity-1.7.jar:/Users/gerhard/.m2/repository/commons-collections/commons-collections/3.2.1/commons-collections-3.2.1.jar:/Users/gerhard/.m2/repository/commons-lang/commons-lang/2.6/commons-lang-2.6.jar:/Users/gerhard/.m2/repository/wsdl4j/wsdl4j/1.6.2/wsdl4j-1.6.2.jar:/Users/gerhard/.m2/repository/com/sun/xml/bind/jaxb-xjc/2.2.4-1/jaxb-xjc-2.2.4-1.jar:/Users/gerhard/.m2/repository/com/sun/xml/bind/jaxb-impl/2.2.4-1/jaxb-impl-2.2.4-1.jar:/Users/gerhard/.m2/repository/org/apache/neethi/neethi/3.0.1/neethi-3.0.1.jar:/Users/gerhard/.m2/repository/org/apache/geronimo/specs/geronimo-activation_1.1_spec/1.1/geronimo-activation_1.1_spec-1.1.jar:/Users/gerhard/.m2/repository/org/apache/geronimo/specs/geronimo-javamail_1.4_spec/1.7.1/geronimo-javamail_1.4_spec-1.7.1.jar:/Users/gerhard/.m2/repository/javax/xml/soap/saaj-api/1.3.4/saaj-api-1.3.4.jar:/Users/gerhard/.m2/repository/org/apache/geronimo/specs/geronimo-ws-metadata_2.0_spec/1.1.3/geronimo-ws-metadata_2.0_spec-1.1.3.jar:/Users/gerhard/.m2/repository/org/apache/geronimo/specs/geronimo-jaxws_2.2_spec/1.1/geronimo-jaxws_2.2_spec-1.1.jar:/Users/gerhard/.m2/repository/xml-resolver/xml-resolver/1.2/xml-resolver-1.2.jar:/Users/gerhard/.m2/repository/org/springframework/spring-web/3.0.6.RELEASE/spring-web-3.0.6.RELEASE.jar:/Users/gerhard/.m2/repository/aopalliance/aopalliance/1.0/aopalliance-1.0.jar:/Users/gerhard/.m2/repository/org/springframework/spring-beans/3.0.6.RELEASE/spring-beans-3.0.6.RELEASE.jar:/Users/gerhard/.m2/repository/org/springframework/spring-core/3.0.6.RELEASE/spring-core-3.0.6.RELEASE.jar:/Users/gerhard/.m2/repository/org/springframework/spring-asm/3.0.6.RELEASE/spring-asm-3.0.6.RELEASE.jar:/Users/gerhard/.m2/repository/org/springframework/spring-context/3.0.6.RELEASE/spring-context-3.0.6.RELEASE.jar:/Users/gerhard/.m2/repository/org/springframework/spring-aop/3.0.6.RELEASE/spring-aop-3.0.6.RELEASE.jar:/Users/gerhard/.m2/repository/org/springframework/spring-expression/3.0.6.RELEASE/spring-expression-3.0.6.RELEASE.jar:/Users/gerhard/.m2/repository/com/sun/xml/messaging/saaj/saaj-impl/1.3.12/saaj-impl-1.3.12.jar:/Users/gerhard/.m2/repository/org/jvnet/mimepull/1.4/mimepull-1.4.jar:/Users/gerhard/.m2/repository/antlr/antlr/2.7.7/antlr-2.7.7.jar:/Users/gerhard/.m2/repository/org/apache/xmlbeans/xmlbeans/2.4.0/xmlbeans-2.4.0.jar:/Users/gerhard/.m2/repository/javax/ws/rs/jsr311-api/1.1.1/jsr311-api-1.1.1.jar:/Users/gerhard/.m2/repository/org/eclipse/jetty/jetty-server/7.4.5.v20110725/jetty-server-7.4.5.v20110725.jar:/Users/gerhard/.m2/repository/org/eclipse/jetty/jetty-continuation/7.4.5.v20110725/jetty-continuation-7.4.5.v20110725.jar:/Users/gerhard/.m2/repository/org/eclipse/jetty/jetty-http/7.4.5.v20110725/jetty-http-7.4.5.v20110725.jar:/Users/gerhard/.m2/repository/org/eclipse/jetty/jetty-io/7.4.5.v20110725/jetty-io-7.4.5.v20110725.jar:/Users/gerhard/.m2/repository/org/eclipse/jetty/jetty-util/7.4.5.v20110725/jetty-util-7.4.5.v20110725.jar:/Users/gerhard/.m2/repository/org/eclipse/jetty/jetty-security/7.4.5.v20110725/jetty-security-7.4.5.v20110725.jar:/Users/gerhard/.m2/repository/org/slf4j/slf4j-api/1.6.2/slf4j-api-1.6.2.jar:/Users/gerhard/.m2/repository/org/apache/geronimo/specs/geronimo-servlet_2.5_spec/1.1.2/geronimo-servlet_2.5_spec-1.1.2.jar:/Users/gerhard/.m2/repository/org/apache/geronimo/specs/geronimo-jms_1.1_spec/1.1.1/geronimo-jms_1.1_spec-1.1.1.jar:/Users/gerhard/.m2/repository/org/springframework/spring-jms/3.0.6.RELEASE/spring-jms-3.0.6.RELEASE.jar:/Users/gerhard/.m2/repository/org/springframework/spring-tx/3.0.6.RELEASE/spring-tx-3.0.6.RELEASE.jar:/Users/gerhard/.m2/repository/org/codehaus/jra/jra/1.0-alpha-4/jra-1.0-alpha-4.jar:/Users/gerhard/.m2/repository/rhino/js/1.7R2/js-1.7R2.jar:/Users/gerhard/.m2/repository/org/apache/ws/security/wss4j/1.6.3/wss4j-1.6.3.jar:/Users/gerhard/.m2/repository/org/apache/santuario/xmlsec/1.4.5/xmlsec-1.4.5.jar:/Users/gerhard/.m2/repository/org/opensaml/opensaml/2.5.1-1/opensaml-2.5.1-1.jar:/Users/gerhard/.m2/repository/org/opensaml/openws/1.4.2-1/openws-1.4.2-1.jar:/Users/gerhard/.m2/repository/org/opensaml/xmltooling/1.3.2-1/xmltooling-1.3.2-1.jar:/Users/gerhard/.m2/repository/joda-time/joda-time/1.6.2/joda-time-1.6.2.jar:/Users/gerhard/.m2/repository/xalan/xalan/2.7.1/xalan-2.7.1.jar:/Users/gerhard/.m2/repository/xalan/serializer/2.7.1/serializer-2.7.1.jar:/Users/gerhard/.m2/repository/org/apache/cxf/cxf-common-utilities/2.4.3/cxf-common-utilities-2.4.3.jar:/Users/gerhard/.m2/repository/org/apache/cxf/cxf-tools-common/2.4.3/cxf-tools-common-2.4.3.jar:/Users/gerhard/.m2/repository/org/apache/cxf/cxf-tools-validator/2.4.3/cxf-tools-validator-2.4.3.jar:/Users/gerhard/.m2/repository/org/apache/cxf/cxf-tools-wsdlto-core/2.4.3/cxf-tools-wsdlto-core-2.4.3.jar:/Users/gerhard/.m2/repository/org/apache/cxf/cxf-tools-wsdlto-frontend-javascript/2.4.3/cxf-tools-wsdlto-frontend-javascript-2.4.3.jar:/Users/gerhard/.m2/repository/org/apache/cxf/cxf-tools-misctools/2.4.3/cxf-tools-misctools-2.4.3.jar:/Users/gerhard/.m2/repository/org/apache/cxf/cxf-tools-corba/2.4.3/cxf-tools-corba-2.4.3.jar:/Users/gerhard/.m2/repository/org/apache/cxf/cxf-tools-wsdlto-databinding-jaxb/2.4.3/cxf-tools-wsdlto-databinding-jaxb-2.4.3.jar:/Users/gerhard/.m2/repository/org/apache/cxf/cxf-tools-wsdlto-frontend-jaxws/2.4.3/cxf-tools-wsdlto-frontend-jaxws-2.4.3.jar:/Users/gerhard/.m2/repository/org/apache/cxf/cxf-tools-wadlto-jaxrs/2.4.3/cxf-tools-wadlto-jaxrs-2.4.3.jar:/Users/gerhard/.m2/repository/org/apache/cxf/cxf-tools-java2ws/2.4.3/cxf-tools-java2ws-2.4.3.jar:/Users/gerhard/.m2/repository/org/apache/cxf/xjcplugins/cxf-xjc-dv/2.4.0/cxf-xjc-dv-2.4.0.jar:/Users/gerhard/.m2/repository/org/apache/cxf/xjcplugins/cxf-xjc-ts/2.4.0/cxf-xjc-ts-2.4.0.jar:/Users/gerhard/.m2/repository/org/apache/cxf/xjcplugins/cxf-xjc-bug671/2.4.0/cxf-xjc-bug671-2.4.0.jar:/Users/gerhard/.m2/repository/org/apache/cxf/xjcplugins/cxf-xjc-boolean/2.4.0/cxf-xjc-boolean-2.4.0.jar:/Users/gerhard/.m2/repository/org/apache/cxf/cxf-api/2.4.3/cxf-api-2.4.3.jar:/Users/gerhard/.m2/repository/org/apache/cxf/cxf-rt-core/2.4.3/cxf-rt-core-2.4.3.jar:/Users/gerhard/.m2/repository/org/apache/cxf/cxf-rt-management/2.4.3/cxf-rt-management-2.4.3.jar:/Users/gerhard/.m2/repository/org/apache/cxf/cxf-rt-transports-local/2.4.3/cxf-rt-transports-local-2.4.3.jar:/Users/gerhard/.m2/repository/org/apache/cxf/cxf-rt-transports-http/2.4.3/cxf-rt-transports-http-2.4.3.jar:/Users/gerhard/.m2/repository/org/apache/cxf/cxf-rt-transports-common/2.4.3/cxf-rt-transports-common-2.4.3.jar:/Users/gerhard/.m2/repository/org/apache/cxf/cxf-rt-transports-http-jetty/2.4.3/cxf-rt-transports-http-jetty-2.4.3.jar:/Users/gerhard/.m2/repository/org/slf4j/slf4j-jdk14/1.6.2/slf4j-jdk14-1.6.2.jar:/Users/gerhard/.m2/repository/org/apache/cxf/cxf-rt-transports-jms/2.4.3/cxf-rt-transports-jms-2.4.3.jar:/Users/gerhard/.m2/repository/org/apache/cxf/cxf-rt-bindings-soap/2.4.3/cxf-rt-bindings-soap-2.4.3.jar:/Users/gerhard/.m2/repository/org/apache/cxf/cxf-rt-databinding-jaxb/2.4.3/cxf-rt-databinding-jaxb-2.4.3.jar:/Users/gerhard/.m2/repository/org/apache/cxf/cxf-rt-bindings-corba/2.4.3/cxf-rt-bindings-corba-2.4.3.jar:/Users/gerhard/.m2/repository/org/apache/cxf/cxf-rt-bindings-xml/2.4.3/cxf-rt-bindings-xml-2.4.3.jar:/Users/gerhard/.m2/repository/org/apache/cxf/cxf-rt-bindings-object/2.4.3/cxf-rt-bindings-object-2.4.3.jar:/Users/gerhard/.m2/repository/org/apache/cxf/cxf-rt-bindings-coloc/2.4.3/cxf-rt-bindings-coloc-2.4.3.jar:/Users/gerhard/.m2/repository/org/apache/cxf/cxf-rt-bindings-http/2.4.3/cxf-rt-bindings-http-2.4.3.jar:/Users/gerhard/.m2/repository/org/apache/cxf/cxf-rt-databinding-aegis/2.4.3/cxf-rt-databinding-aegis-2.4.3.jar:/Users/gerhard/.m2/repository/org/apache/cxf/cxf-wstx-msv-validation/2.4.3/cxf-wstx-msv-validation-2.4.3.jar:/Users/gerhard/.m2/repository/net/java/dev/msv/msv-core/2011.1/msv-core-2011.1.jar:/Users/gerhard/.m2/repository/com/sun/msv/datatype/xsd/xsdlib/2010.1/xsdlib-2010.1.jar:/Users/gerhard/.m2/repository/isorelax/isorelax/20030108/isorelax-20030108.jar:/Users/gerhard/.m2/repository/relaxngDatatype/relaxngDatatype/20020414/relaxngDatatype-20020414.jar:/Users/gerhard/.m2/repository/org/apache/cxf/cxf-rt-databinding-xmlbeans/2.4.3/cxf-rt-databinding-xmlbeans-2.4.3.jar:/Users/gerhard/.m2/repository/org/apache/cxf/cxf-rt-ws-addr/2.4.3/cxf-rt-ws-addr-2.4.3.jar:/Users/gerhard/.m2/repository/org/apache/cxf/cxf-rt-ws-rm/2.4.3/cxf-rt-ws-rm-2.4.3.jar:/Users/gerhard/.m2/repository/org/apache/cxf/cxf-rt-ws-policy/2.4.3/cxf-rt-ws-policy-2.4.3.jar:/Users/gerhard/.m2/repository/org/apache/cxf/cxf-rt-ws-security/2.4.3/cxf-rt-ws-security-2.4.3.jar:/Users/gerhard/.m2/repository/org/apache/cxf/cxf-rt-frontend-jaxws/2.4.3/cxf-rt-frontend-jaxws-2.4.3.jar:/Users/gerhard/.m2/repository/org/apache/cxf/cxf-rt-frontend-js/2.4.3/cxf-rt-frontend-js-2.4.3.jar:/Users/gerhard/.m2/repository/org/apache/cxf/cxf-rt-frontend-simple/2.4.3/cxf-rt-frontend-simple-2.4.3.jar:/Users/gerhard/.m2/repository/org/apache/cxf/cxf-rt-frontend-jaxrs/2.4.3/cxf-rt-frontend-jaxrs-2.4.3.jar:/Users/gerhard/.m2/repository/org/apache/cxf/cxf-rt-javascript/2.4.3/cxf-rt-javascript-2.4.3.jar:/Users/gerhard/.m2/repository/org/codehaus/jettison/jettison/1.3/jettison-1.3.jar:/Users/gerhard/.m2/repository/asm/asm/3.3/asm-3.3.jar:/Users/gerhard/.m2/repository/commons-logging/commons-logging/1.1.1/commons-logging-1.1.1.jar:/Users/gerhard/.m2/repository/com/sun/xml/fastinfoset/FastInfoset/1.2.9/FastInfoset-1.2.9.jar:"/>
    <property name="java.vm.specification.version" value="1.0"/>
    <property name="sun.arch.data.model" value="64"/>
    <property name="java.home" value="/System/Library/Java/JavaVirtualMachines/1.6.0.jdk/Contents/Home"/>
    <property name="sun.java.command" value="/Users/gerhard/Develop/aic11/target/surefire/surefirebooter2259153733618699677.jar /Users/gerhard/Develop/aic11/target/surefire/surefire6507279831571557397tmp /Users/gerhard/Develop/aic11/target/surefire/surefire4211146798037869248tmp"/>
    <property name="java.specification.vendor" value="Sun Microsystems Inc."/>
    <property name="user.language" value="de"/>
    <property name="awt.toolkit" value="apple.awt.CToolkit"/>
    <property name="java.vm.info" value="mixed mode"/>
    <property name="java.version" value="1.6.0_26"/>
    <property name="java.ext.dirs" value="/Library/Java/Extensions:/System/Library/Java/Extensions:/System/Library/Java/JavaVirtualMachines/1.6.0.jdk/Contents/Home/lib/ext"/>
    <property name="sun.boot.class.path" value="/System/Library/Java/JavaVirtualMachines/1.6.0.jdk/Contents/Classes/jsfd.jar:/System/Library/Java/JavaVirtualMachines/1.6.0.jdk/Contents/Classes/classes.jar:/System/Library/Frameworks/JavaVM.framework/Frameworks/JavaRuntimeSupport.framework/Resources/Java/JavaRuntimeSupport.jar:/System/Library/Java/JavaVirtualMachines/1.6.0.jdk/Contents/Classes/ui.jar:/System/Library/Java/JavaVirtualMachines/1.6.0.jdk/Contents/Classes/laf.jar:/System/Library/Java/JavaVirtualMachines/1.6.0.jdk/Contents/Classes/sunrsasign.jar:/System/Library/Java/JavaVirtualMachines/1.6.0.jdk/Contents/Classes/jsse.jar:/System/Library/Java/JavaVirtualMachines/1.6.0.jdk/Contents/Classes/jce.jar:/System/Library/Java/JavaVirtualMachines/1.6.0.jdk/Contents/Classes/charsets.jar"/>
    <property name="java.vendor" value="Apple Inc."/>
    <property name="localRepository" value="/Users/gerhard/.m2/repository"/>
    <property name="file.separator" value="/"/>
    <property name="java.vendor.url.bug" value="http://bugreport.apple.com/"/>
    <property name="sun.cpu.endian" value="little"/>
    <property name="sun.io.unicode.encoding" value="UnicodeLittle"/>
    <property name="mrj.version" value="1060.1.6.0_26-384"/>
    <property name="socksNonProxyHosts" value="local|*.local|169.254/16|*.169.254/16"/>
    <property name="ftp.nonProxyHosts" value="local|*.local|169.254/16|*.169.254/16"/>
    <property name="sun.cpu.isalist" value=""/>
  </properties>
  <testcase time="0.004" classname="at.ac.tuwien.infosys.aic11.AppTest" name="testApp"/>
</testsuite>